#-----------------------------------------------------------
# Vivado v2015.4 (64-bit)
# SW Build 1412921 on Wed Nov 18 09:43:45 MST 2015
# IP Build 1412160 on Tue Nov 17 13:47:24 MST 2015
# Start of session at: Mon Jan 27 15:15:32 2020
# Process ID: 20428
# Current directory: D:/я╦ювобть/MIPS-Pipelined-CPU-master/pipelined CPU
# Command line: vivado.exe -gui_launcher_event rodinguilauncherevent11964 D:\я╦ювобть\MIPS-Pipelined-CPU-master\pipelined CPU\pipelined CPU.xpr
# Log file: D:/я╦ювобть/MIPS-Pipelined-CPU-master/pipelined CPU/vivado.log
# Journal file: D:/я╦ювобть/MIPS-Pipelined-CPU-master/pipelined CPU\vivado.jou
#-----------------------------------------------------------
start_gui
open_project {D:/я╦ювобть/MIPS-Pipelined-CPU-master/pipelined CPU/pipelined CPU.xpr}
INFO: [Project 1-313] Project file moved from 'C:/Users/Hu Tingxi/Desktop/pipelined CPU/pipelined CPU' since last save.
Scanning sources...
Finished scanning sources
INFO: [IP_Flow 19-234] Refreshing IP repositories
INFO: [IP_Flow 19-1704] No user IP repositories specified
INFO: [IP_Flow 19-2313] Loaded Vivado IP repository 'D:/vivado_data/Vivado/2015.4/data/ip'.
exit
INFO: [Common 17-206] Exiting Vivado at Mon Jan 27 15:17:03 2020...
