#-----------------------------------------------------------
# Vivado v2015.4 (64-bit)
# SW Build 1412921 on Wed Nov 18 09:43:45 MST 2015
# IP Build 1412160 on Tue Nov 17 13:47:24 MST 2015
# Start of session at: Mon Jan 27 18:11:22 2020
# Process ID: 26996
# Current directory: C:/Users/Hu Tingxi/Desktop/pipelined CPU/pipelined CPU
# Command line: vivado.exe -gui_launcher_event rodinguilauncherevent27328 C:\Users\Hu Tingxi\Desktop\pipelined CPU\pipelined CPU\pipelined CPU.xpr
# Log file: C:/Users/Hu Tingxi/Desktop/pipelined CPU/pipelined CPU/vivado.log
# Journal file: C:/Users/Hu Tingxi/Desktop/pipelined CPU/pipelined CPU\vivado.jou
#-----------------------------------------------------------
start_gui
open_project {C:/Users/Hu Tingxi/Desktop/pipelined CPU/pipelined CPU/pipelined CPU.xpr}
Scanning sources...
Finished scanning sources
INFO: [IP_Flow 19-234] Refreshing IP repositories
INFO: [IP_Flow 19-1704] No user IP repositories specified
INFO: [IP_Flow 19-2313] Loaded Vivado IP repository 'D:/vivado_data/Vivado/2015.4/data/ip'.
launch_simulation
INFO: [USF-XSim-27] Simulation object is 'sim_1'
INFO: [USF-XSim-37] Inspecting design source files for 'CPUsim' in fileset 'sim_1'...
INFO: [USF-XSim-25] Exported 'C:/Users/Hu Tingxi/Desktop/pipelined CPU/pipelined CPU/pipelined CPU.sim/sim_1/behav/InstructionROM.mif'
INFO: [USF-XSim-25] Exported 'C:/Users/Hu Tingxi/Desktop/pipelined CPU/pipelined CPU/pipelined CPU.sim/sim_1/behav/ROM2.coe'
INFO: [USF-XSim-25] Exported 'C:/Users/Hu Tingxi/Desktop/pipelined CPU/pipelined CPU/pipelined CPU.sim/sim_1/behav/ROM.coe'
INFO: [USF-XSim-97] Finding global include files...
INFO: [USF-XSim-98] Fetching design files from 'sim_1'...
INFO: [USF-XSim-2] XSim::Compile design
INFO: [USF-XSim-61] Executing 'COMPILE' step in 'C:/Users/Hu Tingxi/Desktop/pipelined CPU/pipelined CPU/pipelined CPU.sim/sim_1/behav'
"xvlog -m64 --relax -prj CPUsim_vlog.prj"
INFO: [VRFC 10-2263] Analyzing Verilog file "C:/Users/Hu Tingxi/Desktop/pipelined CPU/pipelined CPU/pipelined CPU.srcs/sources_1/new/ALU.v" into library xil_defaultlib
INFO: [VRFC 10-311] analyzing module ALU
INFO: [VRFC 10-2263] Analyzing Verilog file "C:/Users/Hu Tingxi/Desktop/pipelined CPU/pipelined CPU/pipelined CPU.srcs/sources_1/new/CtrlUnit.v" into library xil_defaultlib
INFO: [VRFC 10-311] analyzing module CtrlUnit
INFO: [VRFC 10-2263] Analyzing Verilog file "C:/Users/Hu Tingxi/Desktop/pipelined CPU/pipelined CPU/pipelined CPU.srcs/sources_1/new/RegisterFiles.v" into library xil_defaultlib
INFO: [VRFC 10-311] analyzing module RegisterFiles
INFO: [VRFC 10-2263] Analyzing Verilog file "C:/Users/Hu Tingxi/Desktop/pipelined CPU/pipelined CPU/pipelined CPU.srcs/sources_1/new/DataRAM.v" into library xil_defaultlib
INFO: [VRFC 10-311] analyzing module DataRAM
INFO: [VRFC 10-2263] Analyzing Verilog file "C:/Users/Hu Tingxi/Desktop/pipelined CPU/pipelined CPU/pipelined CPU.srcs/sources_1/new/EX.v" into library xil_defaultlib
INFO: [VRFC 10-311] analyzing module EX
INFO: [VRFC 10-2263] Analyzing Verilog file "C:/Users/Hu Tingxi/Desktop/pipelined CPU/pipelined CPU/pipelined CPU.srcs/sources_1/new/IF.v" into library xil_defaultlib
INFO: [VRFC 10-311] analyzing module IF
INFO: [VRFC 10-2263] Analyzing Verilog file "C:/Users/Hu Tingxi/Desktop/pipelined CPU/pipelined CPU/pipelined CPU.srcs/sources_1/new/flipflop.v" into library xil_defaultlib
INFO: [VRFC 10-311] analyzing module flipflop
INFO: [VRFC 10-2263] Analyzing Verilog file "C:/Users/Hu Tingxi/Desktop/pipelined CPU/pipelined CPU/pipelined CPU.srcs/sources_1/new/ID.v" into library xil_defaultlib
INFO: [VRFC 10-311] analyzing module ID
INFO: [VRFC 10-2263] Analyzing Verilog file "C:/Users/Hu Tingxi/Desktop/pipelined CPU/pipelined CPU/pipelined CPU.srcs/sources_1/new/MEM.v" into library xil_defaultlib
INFO: [VRFC 10-311] analyzing module MEM
INFO: [VRFC 10-2263] Analyzing Verilog file "C:/Users/Hu Tingxi/Desktop/pipelined CPU/pipelined CPU/pipelined CPU.srcs/sources_1/new/top.v" into library xil_defaultlib
INFO: [VRFC 10-311] analyzing module top
WARNING: [VRFC 10-756] identifier RsAddr_mem is used before its declaration [C:/Users/Hu Tingxi/Desktop/pipelined CPU/pipelined CPU/pipelined CPU.srcs/sources_1/new/top.v:22]
WARNING: [VRFC 10-756] identifier RegWriteAddr_mem is used before its declaration [C:/Users/Hu Tingxi/Desktop/pipelined CPU/pipelined CPU/pipelined CPU.srcs/sources_1/new/top.v:117]
WARNING: [VRFC 10-756] identifier RegWriteAddr_mem is used before its declaration [C:/Users/Hu Tingxi/Desktop/pipelined CPU/pipelined CPU/pipelined CPU.srcs/sources_1/new/top.v:118]
INFO: [VRFC 10-2263] Analyzing Verilog file "C:/Users/Hu Tingxi/Desktop/pipelined CPU/pipelined CPU/pipelined CPU.srcs/sim_1/new/CPUsim.v" into library xil_defaultlib
INFO: [VRFC 10-311] analyzing module CPUsim
INFO: [VRFC 10-2263] Analyzing Verilog file "C:/Users/Hu Tingxi/Desktop/pipelined CPU/pipelined CPU/pipelined CPU.sim/sim_1/behav/glbl.v" into library xil_defaultlib
INFO: [VRFC 10-311] analyzing module glbl
"xvhdl -m64 --relax -prj CPUsim_vhdl.prj"
INFO: [VRFC 10-163] Analyzing VHDL file "C:/Users/Hu Tingxi/Desktop/pipelined CPU/pipelined CPU/pipelined CPU.ip_user_files/ipstatic/dist_mem_gen_v8_0_9/simulation/dist_mem_gen_v8_0.vhd" into library dist_mem_gen_v8_0_9
INFO: [VRFC 10-307] analyzing entity dist_mem_gen_v8_0_9
INFO: [VRFC 10-163] Analyzing VHDL file "C:/Users/Hu Tingxi/Desktop/pipelined CPU/pipelined CPU/pipelined CPU.srcs/sources_1/ip/InstructionROM/sim/InstructionROM.vhd" into library xil_defaultlib
INFO: [VRFC 10-307] analyzing entity InstructionROM
INFO: [USF-XSim-3] XSim::Elaborate design
INFO: [USF-XSim-61] Executing 'ELABORATE' step in 'C:/Users/Hu Tingxi/Desktop/pipelined CPU/pipelined CPU/pipelined CPU.sim/sim_1/behav'
Vivado Simulator 2015.4
Copyright 1986-1999, 2001-2015 Xilinx, Inc. All Rights Reserved.
Running: D:/vivado_data/Vivado/2015.4/bin/unwrapped/win64.o/xelab.exe -wto c2679034c76e4921b12ba88a5752478e --debug typical --relax --mt 2 -L xil_defaultlib -L dist_mem_gen_v8_0_9 -L unisims_ver -L unimacro_ver -L secureip --snapshot CPUsim_behav xil_defaultlib.CPUsim xil_defaultlib.glbl -log elaborate.log 
Using 2 slave threads.
Starting static elaboration
Completed static elaboration
Starting simulation data flow analysis
Completed simulation data flow analysis
Time Resolution for simulation is 1ps
Compiling package std.standard
Compiling package ieee.std_logic_1164
Compiling package ieee.numeric_std
Compiling package std.textio
Compiling architecture behavioral of entity dist_mem_gen_v8_0_9.dist_mem_gen_v8_0_9 [\dist_mem_gen_v8_0_9("artix7",10...]
Compiling architecture instructionrom_arch of entity xil_defaultlib.InstructionROM [instructionrom_default]
Compiling module xil_defaultlib.IF
Compiling module xil_defaultlib.flipflop
Compiling module xil_defaultlib.CtrlUnit
Compiling module xil_defaultlib.RegisterFiles
Compiling module xil_defaultlib.ID
Compiling module xil_defaultlib.flipflop(width=1)
Compiling module xil_defaultlib.flipflop(width=4)
Compiling module xil_defaultlib.flipflop(width=5)
Compiling module xil_defaultlib.flipflop(width=3)
Compiling module xil_defaultlib.ALU
Compiling module xil_defaultlib.EX
Compiling module xil_defaultlib.DataRAM
Compiling module xil_defaultlib.MEM
Compiling module xil_defaultlib.top
Compiling module xil_defaultlib.CPUsim
Compiling module xil_defaultlib.glbl
Built simulation snapshot CPUsim_behav

****** Webtalk v2015.4 (64-bit)
  **** SW Build 1412921 on Wed Nov 18 09:43:45 MST 2015
  **** IP Build 1412160 on Tue Nov 17 13:47:24 MST 2015
    ** Copyright 1986-2015 Xilinx, Inc. All Rights Reserved.

source C:/Users/Hu -notrace
invalid command name "Microsoft"
    while executing
"Microsoft (R) Windows Script Host Version 5.812"
    (file "C:/Users/Hu" line 1)
INFO: [Common 17-206] Exiting Webtalk at Mon Jan 27 18:12:06 2020...
INFO: [USF-XSim-4] XSim::Simulate design
INFO: [USF-XSim-61] Executing 'SIMULATE' step in 'C:/Users/Hu Tingxi/Desktop/pipelined CPU/pipelined CPU/pipelined CPU.sim/sim_1/behav'
INFO: [USF-XSim-98] *** Running xsim
   with args "CPUsim_behav -key {Behavioral:sim_1:Functional:CPUsim} -tclbatch {CPUsim.tcl} -log {simulate.log}"
INFO: [USF-XSim-8] Loading simulator feature
Vivado Simulator 2015.4
Time resolution is 1 ps
source CPUsim.tcl
# set curr_wave [current_wave_config]
# if { [string length $curr_wave] == 0 } {
#   if { [llength [get_objects]] > 0} {
#     add_wave /
#     set_property needs_save false [current_wave_config]
#   } else {
#      send_msg_id Add_Wave-1 WARNING "No top level signals found. Simulator will start without a wave window. If you want to open a wave window go to 'File->New Waveform Configuration' or type 'create_wave_config' in the TCL console."
#   }
# }
# run 1000ns
Warning: This core is supplied with a behavioral model. To model cycle-accurate behavior you must run timing simulation.
Time: 0 ps  Iteration: 0  Process: /CPUsim/uut/IF/InstructionROM/U0/p_warn_behavioural  File: C:/Users/Hu Tingxi/Desktop/pipelined CPU/pipelined CPU/pipelined CPU.ip_user_files/ipstatic/dist_mem_gen_v8_0_9/simulation/dist_mem_gen_v8_0.vhd
INFO: [USF-XSim-96] XSim completed. Design snapshot 'CPUsim_behav' loaded.
INFO: [USF-XSim-97] XSim simulation ran for 1000ns
launch_simulation: Time (s): cpu = 00:00:06 ; elapsed = 00:00:07 . Memory (MB): peak = 734.359 ; gain = 20.195
close_sim
INFO: [Simtcl 6-16] Simulation closed
exit
INFO: [Common 17-206] Exiting Vivado at Mon Jan 27 18:12:15 2020...
